Traceback (most recent call last):
  File "/pbs/home/c/cmurray/cluster_likelihood/run_posteriors.py", line 243, in <module>
    # stacked_posterior = infer( stacked_simulator.run_simulation , 
  File "/pbs/home/c/cmurray/.conda/envs/sbi/lib/python3.9/site-packages/sbi/inference/base.py", line 69, in infer
    simulator, prior = prepare_for_sbi(simulator, prior)
  File "/pbs/home/c/cmurray/.conda/envs/sbi/lib/python3.9/site-packages/sbi/utils/user_input_checks.py", line 629, in prepare_for_sbi
    check_sbi_inputs(simulator, prior)
  File "/pbs/home/c/cmurray/.conda/envs/sbi/lib/python3.9/site-packages/sbi/utils/user_input_checks.py", line 646, in check_sbi_inputs
    simulation = simulator(theta)
  File "/pbs/home/c/cmurray/.conda/envs/sbi/lib/python3.9/site-packages/sbi/utils/user_input_checks.py", line 551, in batch_loop_simulator
    xs = list(map(simulator, theta))
  File "/pbs/home/c/cmurray/.conda/envs/sbi/lib/python3.9/site-packages/sbi/utils/user_input_checks.py", line 515, in pytorch_simulator
    return torch.as_tensor(simulator(theta), dtype=float32)
  File "/pbs/home/c/cmurray/cluster_likelihood/run_posteriors.py", line 63, in run_simulation
    richness, log10M_wl, z_clusters = self._run_simulation( parameter_set )
  File "/pbs/home/c/cmurray/cluster_likelihood/run_posteriors.py", line 77, in _run_simulation
    mu_clusters, z_clusters = self.get_cluster_catalogue( parameter_set )
  File "/pbs/home/c/cmurray/cluster_likelihood/run_posteriors.py", line 88, in get_cluster_catalogue
    Om0, sigma8, alpha_l, sigma_l, c_l, r = parameter_set
ValueError: not enough values to unpack (expected 6, got 5)
